[LOG] System::create                           : Header version = 1.10.11. Current version = 1.10.11.
[LOG] Manager::init                            : maxchannels = 256 studioflags = 00000006 flags 00000000 extradriverdata 0000000000000000.
[LOG] SystemI::init                            : Initialize version=11011 (100047), maxchannels=256, flags=0x00020000
[LOG] SystemI::setOutputInternal               : Setting output to 'FMOD WASAPI Output'
[LOG] OutputWASAPI::init                       : Mix Format (WAVEFORMATEX): wFormatTag=0xFFFE, nChannels=2, nSamplesPerSec=44100, nAvgBytesPerSec=352800, nBlockAlign=8, wBitsPerSample=32, cbSize=22.
[LOG] OutputWASAPI::init                       : Mix Format (WAVEFORMATEXTENSIBLE): wValidBitsPerSample=32, dwChannelMask=0x00000003, SubFormat=00000003-0000-0010-8000-00AA00389B71.
[LOG] OutputWASAPI::init                       : Output buffer size: 3760 samples, latency: 11.61ms, period: 10.16ms, DSP buffer: 1024 * 4
[WRN] SystemI::init                            : Output requires a sample rate of 44100Hz, resampling will occur.
[LOG] Thread::initThread                       : Init FMOD stream thread. Priority: 2, Stack Size: 65536, Semaphore: No, Sleep Time: 10, Looping: Yes.
[LOG] Thread::initThread                       : Init FMOD mixer thread. Priority: 3, Stack Size: 49152, Semaphore: No, Sleep Time: 0, Looping: Yes.
[LOG] AsyncManager::init                       : manager 000000003E4A2798 isAsync 0 updatePeriod 0.02
[LOG] AsyncManager::init                       : done
[LOG] PlaybackSystem::init                     : 
[LOG] Thread::initThread                       : Init FMOD Studio sample load thread. Priority: 0, Stack Size: 65536, Semaphore: No, Sleep Time: 1, Looping: No.
[LOG] PlaybackSystem::init                     : done
[LOG] Thread::initThread                       : Init FMOD Studio bank load thread. Priority: 0, Stack Size: 65536, Semaphore: No, Sleep Time: 1, Looping: No.
[LOG] Manager::init                            : done.
[LOG] Manager::readBank                        : fileversion = 103, compatVersion = 99 (oldest = 44, newest = 103)
[LOG] Manager::readBank                        : fileversion = 103, compatVersion = 99 (oldest = 44, newest = 103)
[LOG] Manager::readBank                        : fileversion = 103, compatVersion = 99 (oldest = 44, newest = 103)
[LOG] Manager::readBank                        : fileversion = 103, compatVersion = 99 (oldest = 44, newest = 103)
[LOG] Manager::readBank                        : fileversion = 103, compatVersion = 99 (oldest = 44, newest = 103)
[LOG] Manager::readBank                        : fileversion = 103, compatVersion = 99 (oldest = 44, newest = 103)
[LOG] PlaybackSystem::acquireMasterBus         : Setting master channel group format to 6
[LOG] Manager::readBank                        : fileversion = 103, compatVersion = 99 (oldest = 44, newest = 103)
[LOG] PlaybackSystem::acquireMasterBus         : Setting master channel group format to 6
[LOG] SystemI::createSound                     : filename = C:\Users\Jake\Desktop\Git\Prince Ivy\Diamond-Dust\Assets\Audio\Music\Killer Outfit\Build\Desktop\Master Bank.bank : mode 02010082
[LOG] SystemI::createSound                     : FMOD_NONBLOCKING specified.  Putting into queue to be opened asynchronously!
[LOG] Thread::initThread                       : Init FMOD nonblocking thread (0). Priority: 1, Stack Size: 81920, Semaphore: Yes, Sleep Time: 0, Looping: Yes.
[LOG] SystemI::createSound                     : setdata soundi = 000000005A852B08 : node = 000000003B755760
[LOG] SystemI::createSound                     : add node to async list : head = 000000003B5D7598.  list count = 0
[LOG] AsyncThread::threadFunc                  : Starting Asynchronous operation on sound 000000005A852B08
[LOG] SystemI::createSound                     : filename = C:\Users\Jake\Desktop\Git\Prince Ivy\Diamond-Dust\Assets\Audio\Music\Killer Outfit\Build\Desktop\Master Bank.bank : mode 02010082
[LOG] SystemI::createSound                     :     FMOD_NONBLOCKING specified.  Putting into queue to be opened asynchronously!
[LOG] SystemI::createSound                     :     setdata soundi = 000000005A853F48 : node = 000000003B755220
[LOG] SystemI::createSound                     :     add node to async list : head = 000000003B5D7598.  list count = 0
[LOG] SystemI::createSoundInternal             :     Create name='C:\Users\Jake\Desktop\Git\Prince Ivy\Diamond-Dust\Assets\Audio\Music\Killer Outfit\Build\Desktop\Master Bank.bank', mode=0x02010082
[LOG] SystemI::createSoundInternal             :     exinfo->cbsize             = 232
[LOG] SystemI::createSoundInternal             :     exinfo->length             = 2496896
[LOG] SystemI::createSoundInternal             :     exinfo->fileoffset         = 19264
[LOG] SystemI::createSoundInternal             :     exinfo->numsubsounds       = 1
[LOG] SystemI::createSoundInternal             :     exinfo->inclusionlist      = 000000003B755878
[LOG] SystemI::createSoundInternal             :     exinfo->inclusionlistnum   = 1
[LOG] SystemI::createSoundInternal             :     exinfo->suggestedsoundtype = 5
[LOG] SystemI::createSoundInternal             :     exinfo->initialseekpostype = 1
[LOG] SystemI::createSoundInternal             :     Stream 0/1: name='District One - Out of Combat Drum Layer', format=2, channels=2, frequency=48000, lengthbytes=281984, lengthpcm=1228800, pcmblocksize=0, loopstart=0, loopend=0, mode=0x00000000, channelmask=0x00000000, channelorder=0, peakvolume=0.989716.
[LOG] Thread::initThread                       :     Init FMOD file thread. Priority: 1, Stack Size: 16384, Semaphore: No, Sleep Time: 10, Looping: Yes.
[LOG] AsyncThread::threadFunc                  : Finished Asynchronous operation on sound 000000005A852B08
[LOG] AsyncThread::threadFunc                  : Starting Asynchronous operation on sound 000000005A853F48
[LOG] SystemI::createSoundInternal             :     Create name='C:\Users\Jake\Desktop\Git\Prince Ivy\Diamond-Dust\Assets\Audio\Music\Killer Outfit\Build\Desktop\Master Bank.bank', mode=0x02010082
[LOG] SystemI::createSoundInternal             :     exinfo->cbsize             = 232
[LOG] SystemI::createSoundInternal             :     exinfo->length             = 2496896
[LOG] SystemI::createSoundInternal             :     exinfo->fileoffset         = 19264
[LOG] SystemI::createSoundInternal             :     exinfo->numsubsounds       = 1
[LOG] SystemI::createSoundInternal             :     exinfo->inclusionlist      = 000000003B755338
[LOG] SystemI::createSoundInternal             :     exinfo->inclusionlistnum   = 1
[LOG] SystemI::createSoundInternal             :     exinfo->suggestedsoundtype = 5
[LOG] SystemI::createSoundInternal             :     exinfo->initialseekpostype = 1
[LOG] SystemI::createSoundInternal             :     Stream 0/1: name='District One - Out of Combat', format=2, channels=2, frequency=48000, lengthbytes=257760, lengthpcm=1228800, pcmblocksize=0, loopstart=0, loopend=0, mode=0x00000000, channelmask=0x00000000, channelorder=0, peakvolume=0.999969.
[LOG] AsyncThread::threadFunc                  : Finished Asynchronous operation on sound 000000005A853F48
[LOG] SoundI::getSubSound                      : sound 000000005A852B08.  Subsound index 0 / 1
[LOG] SoundI::getSubSound                      : sound 000000005A853F48.  Subsound index 0 / 1
[LOG] AsyncThread::threadFunc                  : Starting Asynchronous operation on sound 000000005A8527A8
[LOG] AsyncThread::threadFunc                  : Finished Asynchronous operation on sound 000000005A8527A8
[LOG] SystemI::createSound                     : filename = C:\Users\Jake\Desktop\Git\Prince Ivy\Diamond-Dust\Assets\Audio\Music\Killer Outfit\Build\Desktop\Master Bank.bank : mode 02010082
[LOG] SystemI::createSound                     : FMOD_NONBLOCKING specified.  Putting into queue to be opened asynchronously!
[LOG] SystemI::createSound                     : setdata soundi = 000000005A853018 : node = 000000003B756330
[LOG] SystemI::createSound                     : add node to async list : head = 000000003B5D7598.  list count = 0
[LOG] AsyncThread::threadFunc                  : Starting Asynchronous operation on sound 000000005A853018
[LOG] SystemI::createSoundInternal             :     Create name='C:\Users\Jake\Desktop\Git\Prince Ivy\Diamond-Dust\Assets\Audio\Music\Killer Outfit\Build\Desktop\Master Bank.bank', mode=0x02010082
[LOG] SystemI::createSoundInternal             :     exinfo->cbsize             = 232
[LOG] SystemI::createSoundInternal             :     exinfo->length             = 2496896
[LOG] SystemI::createSoundInternal             :     exinfo->fileoffset         = 19264
[LOG] SystemI::createSoundInternal             :     exinfo->numsubsounds       = 1
[LOG] SystemI::createSoundInternal             :     exinfo->inclusionlist      = 000000003B756448
[LOG] SystemI::createSoundInternal             :     exinfo->inclusionlistnum   = 1
[LOG] SystemI::createSoundInternal             :     exinfo->suggestedsoundtype = 5
[LOG] SystemI::createSoundInternal             :     exinfo->initialseekpostype = 1
[LOG] SystemI::createSoundInternal             :     Stream 0/1: name='District One - Transition To Combat', format=2, channels=2, frequency=48000, lengthbytes=224800, lengthpcm=806400, pcmblocksize=0, loopstart=0, loopend=0, mode=0x00000000, channelmask=0x00000000, channelorder=0, peakvolume=0.996948.
[LOG] AsyncThread::threadFunc                  : Finished Asynchronous operation on sound 000000005A853018
[LOG] SoundI::getSubSound                      : sound 000000005A853018.  Subsound index 0 / 1
[LOG] SoundI::release                          : District One - Out of Combat (000000005A853F48)
[LOG] SoundI::release                          :     District One - Out of Combat (000000003B5D6F68)
[LOG] SoundI::release                          :     District One - Out of Combat (000000005A852CB8)
[LOG] SoundI::release                          : District One - Out of Combat Drum Layer (000000005A852B08)
[LOG] SoundI::release                          :     District One - Out of Combat Drum Layer (000000003B5D75E8)
[LOG] SoundI::release                          :     District One - Out of Combat Drum Layer (000000005A8527A8)
[LOG] SystemI::createSound                     : filename = C:\Users\Jake\Desktop\Git\Prince Ivy\Diamond-Dust\Assets\Audio\Music\Killer Outfit\Build\Desktop\Master Bank.bank : mode 02010082
[LOG] SystemI::createSound                     : FMOD_NONBLOCKING specified.  Putting into queue to be opened asynchronously!
[LOG] SystemI::createSound                     : setdata soundi = 000000005A852B08 : node = 000000003B755370
[LOG] SystemI::createSound                     : add node to async list : head = 000000003B5D7598.  list count = 0
[LOG] SystemI::createSound                     : filename = C:\Users\Jake\Desktop\Git\Prince Ivy\Diamond-Dust\Assets\Audio\Music\Killer Outfit\Build\Desktop\Master Bank.bank : mode 02010082
[LOG] SystemI::createSound                     : FMOD_NONBLOCKING specified.  Putting into queue to be opened asynchronously!
[LOG] AsyncThread::threadFunc                  : Starting Asynchronous operation on sound 000000005A852B08
[LOG] SystemI::createSound                     : setdata soundi = 000000005A8527A8 : node = 000000003B755220
[LOG] SystemI::createSoundInternal             :     Create name='C:\Users\Jake\Desktop\Git\Prince Ivy\Diamond-Dust\Assets\Audio\Music\Killer Outfit\Build\Desktop\Master Bank.bank', mode=0x02010082
[LOG] SystemI::createSound                     :     add node to async list : head = 000000003B5D7598.  list count = 0
[LOG] SystemI::createSoundInternal             :     exinfo->cbsize             = 232
[LOG] SystemI::createSoundInternal             :     exinfo->length             = 2496896
[LOG] SystemI::createSound                     :     filename = C:\Users\Jake\Desktop\Git\Prince Ivy\Diamond-Dust\Assets\Audio\Music\Killer Outfit\Build\Desktop\Master Bank.bank : mode 02010082
[LOG] SystemI::createSoundInternal             :     exinfo->fileoffset         = 19264
[LOG] SystemI::createSound                     :     FMOD_NONBLOCKING specified.  Putting into queue to be opened asynchronously!
[LOG] SystemI::createSoundInternal             :     exinfo->numsubsounds       = 1
[LOG] SystemI::createSound                     :     setdata soundi = 000000005A854968 : node = 000000003B7548F0
[LOG] SystemI::createSoundInternal             :     exinfo->inclusionlist      = 000000003B755488
[LOG] SystemI::createSound                     :     add node to async list : head = 000000003B5D7598.  list count = 1
[LOG] SystemI::createSoundInternal             :     exinfo->inclusionlistnum   = 1
[LOG] SystemI::createSoundInternal             :     exinfo->suggestedsoundtype = 5
[LOG] SystemI::createSoundInternal             :     exinfo->initialseekpostype = 1
[LOG] SystemI::createSoundInternal             :     Stream 0/1: name='District One - Combat Guitar Layer', format=2, channels=2, frequency=48000, lengthbytes=504160, lengthpcm=2304000, pcmblocksize=0, loopstart=0, loopend=0, mode=0x00000000, channelmask=0x00000000, channelorder=0, peakvolume=0.978149.
[LOG] AsyncThread::threadFunc                  : Finished Asynchronous operation on sound 000000005A852B08
[LOG] AsyncThread::threadFunc                  : Starting Asynchronous operation on sound 000000005A8527A8
[LOG] SystemI::createSoundInternal             :     Create name='C:\Users\Jake\Desktop\Git\Prince Ivy\Diamond-Dust\Assets\Audio\Music\Killer Outfit\Build\Desktop\Master Bank.bank', mode=0x02010082
[LOG] SystemI::createSoundInternal             :     exinfo->cbsize             = 232
[LOG] SystemI::createSoundInternal             :     exinfo->length             = 2496896
[LOG] SystemI::createSoundInternal             :     exinfo->fileoffset         = 19264
[LOG] SystemI::createSoundInternal             :     exinfo->numsubsounds       = 1
[LOG] SystemI::createSoundInternal             :     exinfo->inclusionlist      = 000000003B755338
[LOG] SystemI::createSoundInternal             :     exinfo->inclusionlistnum   = 1
[LOG] SystemI::createSoundInternal             :     exinfo->suggestedsoundtype = 5
[LOG] SystemI::createSoundInternal             :     exinfo->initialseekpostype = 1
[LOG] SystemI::createSoundInternal             :     Stream 0/1: name='District One - Combat Bass Layer', format=2, channels=2, frequency=48000, lengthbytes=548096, lengthpcm=2304000, pcmblocksize=0, loopstart=0, loopend=0, mode=0x00000000, channelmask=0x00000000, channelorder=0, peakvolume=0.999969.
[LOG] AsyncThread::threadFunc                  : Finished Asynchronous operation on sound 000000005A8527A8
[LOG] AsyncThread::threadFunc                  : Starting Asynchronous operation on sound 000000005A854968
[LOG] SystemI::createSoundInternal             :     Create name='C:\Users\Jake\Desktop\Git\Prince Ivy\Diamond-Dust\Assets\Audio\Music\Killer Outfit\Build\Desktop\Master Bank.bank', mode=0x02010082
[LOG] SystemI::createSoundInternal             :     exinfo->cbsize             = 232
[LOG] SystemI::createSoundInternal             :     exinfo->length             = 2496896
[LOG] SystemI::createSoundInternal             :     exinfo->fileoffset         = 19264
[LOG] SystemI::createSoundInternal             :     exinfo->numsubsounds       = 1
[LOG] SystemI::createSoundInternal             :     exinfo->inclusionlist      = 000000003B754A08
[LOG] SystemI::createSoundInternal             :     exinfo->inclusionlistnum   = 1
[LOG] SystemI::createSoundInternal             :     exinfo->suggestedsoundtype = 5
[LOG] SystemI::createSoundInternal             :     exinfo->initialseekpostype = 1
[LOG] SystemI::createSoundInternal             :     Stream 0/1: name='District One - Combat Drum Layer', format=2, channels=2, frequency=48000, lengthbytes=677952, lengthpcm=2304000, pcmblocksize=0, loopstart=0, loopend=0, mode=0x00000000, channelmask=0x00000000, channelorder=0, peakvolume=0.976105.
[LOG] AsyncThread::threadFunc                  : Finished Asynchronous operation on sound 000000005A854968
[LOG] SoundI::getSubSound                      : sound 000000005A852B08.  Subsound index 0 / 1
[LOG] SoundI::getSubSound                      : sound 000000005A8527A8.  Subsound index 0 / 1
[LOG] SoundI::getSubSound                      : sound 000000005A854968.  Subsound index 0 / 1
[LOG] SoundI::release                          : District One - Transition To Combat (000000005A853018)
[LOG] SoundI::release                          :     District One - Transition To Combat (000000003B5D6268)
[LOG] SoundI::release                          :     District One - Transition To Combat (000000005A853888)
[LOG] SoundI::release                          : District One - Combat Drum Layer (000000005A854968)
[LOG] SoundI::release                          :     District One - Combat Drum Layer (000000003B5D8968)
[LOG] SoundI::release                          :     District One - Combat Drum Layer (000000005A852CB8)
[LOG] SoundI::release                          : District One - Combat Bass Layer (000000005A8527A8)
[LOG] SoundI::release                          :     District One - Combat Bass Layer (000000003B5D6748)
[LOG] SoundI::release                          :     District One - Combat Bass Layer (000000005A853A38)
[LOG] SoundI::release                          : District One - Combat Guitar Layer (000000005A852B08)
[LOG] SoundI::release                          :     District One - Combat Guitar Layer (000000003B5D6408)
[LOG] SoundI::release                          :     District One - Combat Guitar Layer (000000005A854458)
